  main.cpp
d:\program files\opencv320\opencv\build\include\opencv2\core\mat.hpp(2586): warning C4819: The file contains a character that cannot be represented in the current code page (936). Save the file in Unicode format to prevent data loss
d:\program files\opencv320\opencv\build\include\opencv2\core\persistence.hpp : warning C4819: The file contains a character that cannot be represented in the current code page (936). Save the file in Unicode format to prevent data loss
d:\program files\opencv320\opencv\build\include\opencv2\core\utility.hpp : warning C4819: The file contains a character that cannot be represented in the current code page (936). Save the file in Unicode format to prevent data loss
d:\program files\opencv320\opencv\build\include\opencv2\core\utility.hpp : warning C4819: The file contains a character that cannot be represented in the current code page (936). Save the file in Unicode format to prevent data loss
d:\program files\opencv320\opencv\build\include\opencv2\imgproc.hpp(592): warning C4819: The file contains a character that cannot be represented in the current code page (936). Save the file in Unicode format to prevent data loss
e:\homevs2015\fatiguedrivingdetect\3000fps\3000fps\tree.h(78): warning C4244: '=': conversion from 'double' to 'int', possible loss of data
e:\homevs2015\fatiguedrivingdetect\3000fps\3000fps\variables.h(53): warning C4305: 'initializing': truncation from 'double' to 'float'
e:\homevs2015\fatiguedrivingdetect\3000fps\3000fps\variables.h(69): warning C4305: 'initializing': truncation from 'double' to 'float'
e:\homevs2015\fatiguedrivingdetect\3000fps\3000fps\main.cpp(43): warning C4244: '*=': conversion from 'double' to 'float', possible loss of data
e:\homevs2015\fatiguedrivingdetect\3000fps\3000fps\main.cpp(44): warning C4244: '*=': conversion from 'double' to 'float', possible loss of data
e:\homevs2015\fatiguedrivingdetect\3000fps\3000fps\main.cpp(64): warning C4244: '=': conversion from 'float' to 'int', possible loss of data
e:\homevs2015\fatiguedrivingdetect\3000fps\3000fps\main.cpp(65): warning C4244: '=': conversion from 'float' to 'int', possible loss of data
e:\homevs2015\fatiguedrivingdetect\3000fps\3000fps\main.cpp(70): warning C4244: '=': conversion from 'float' to 'int', possible loss of data
e:\homevs2015\fatiguedrivingdetect\3000fps\3000fps\main.cpp(71): warning C4244: '=': conversion from 'float' to 'int', possible loss of data
e:\homevs2015\fatiguedrivingdetect\3000fps\3000fps\main.cpp(81): warning C4244: '=': conversion from 'double' to 'int', possible loss of data
e:\homevs2015\fatiguedrivingdetect\3000fps\3000fps\main.cpp(82): warning C4244: '=': conversion from 'double' to 'int', possible loss of data
e:\homevs2015\fatiguedrivingdetect\3000fps\3000fps\main.cpp(107): warning C4267: 'initializing': conversion from 'size_t' to 'int', possible loss of data
e:\homevs2015\fatiguedrivingdetect\3000fps\3000fps\main.cpp(107): warning C4267: 'initializing': conversion from 'size_t' to 'const int', possible loss of data
e:\homevs2015\fatiguedrivingdetect\3000fps\3000fps\main.cpp(115): warning C4267: 'initializing': conversion from 'size_t' to 'int', possible loss of data
e:\homevs2015\fatiguedrivingdetect\3000fps\3000fps\main.cpp(115): warning C4267: 'initializing': conversion from 'size_t' to 'const int', possible loss of data
e:\homevs2015\fatiguedrivingdetect\3000fps\3000fps\main.cpp(139): warning C4244: 'argument': conversion from 'double' to 'int', possible loss of data
e:\homevs2015\fatiguedrivingdetect\3000fps\3000fps\main.cpp(180): warning C4244: '=': conversion from 'double' to 'int', possible loss of data
e:\homevs2015\fatiguedrivingdetect\3000fps\3000fps\main.cpp(181): warning C4244: '=': conversion from 'double' to 'int', possible loss of data
e:\homevs2015\fatiguedrivingdetect\3000fps\3000fps\main.cpp(182): warning C4244: '=': conversion from 'double' to 'int', possible loss of data
e:\homevs2015\fatiguedrivingdetect\3000fps\3000fps\main.cpp(183): warning C4244: '=': conversion from 'double' to 'int', possible loss of data
e:\homevs2015\fatiguedrivingdetect\3000fps\3000fps\main.cpp(217): warning C4244: 'argument': conversion from 'double' to 'int', possible loss of data
e:\homevs2015\fatiguedrivingdetect\3000fps\3000fps\main.cpp(252): warning C4267: 'argument': conversion from 'size_t' to 'int', possible loss of data
e:\homevs2015\fatiguedrivingdetect\3000fps\3000fps\main.cpp(296): warning C4267: 'argument': conversion from 'size_t' to 'int', possible loss of data
  3000fps.vcxproj -> E:\homeVS2015\FatigueDrivingDetect\3000fps\x64\Debug\3000fps.exe
  3000fps.vcxproj -> E:\homeVS2015\FatigueDrivingDetect\3000fps\x64\Debug\3000fps.pdb (Full PDB)
